# JRE version: OpenJDK Runtime Environment (8.0_202-b03) (build 1.8.0_202-release-1483-b03)
# Java VM: OpenJDK 64-Bit Server VM (25.202-b03 mixed mode windows-amd64 compressed oops)
Heap:
 PSYoungGen      total 164352K, used 93206K [0x00000000e0000000, 0x00000000ee300000, 0x0000000100000000)
  eden space 150528K, 52% used [0x00000000e0000000,0x00000000e4d8b5d8,0x00000000e9300000)
  from space 13824K, 99% used [0x00000000e9300000,0x00000000ea07a320,0x00000000ea080000)
  to   space 14336K, 0% used [0x00000000ea080000,0x00000000ea080000,0x00000000eae80000)
 ParOldGen       total 115712K, used 21448K [0x00000000a0000000, 0x00000000a7100000, 0x00000000e0000000)
  object space 115712K, 18% used [0x00000000a0000000,0x00000000a14f2078,0x00000000a7100000)
 Metaspace       used 54062K, capacity 55650K, committed 55808K, reserved 1097728K
  class space    used 7284K, capacity 7664K, committed 7680K, reserved 1048576K
GC Heap History (10 events):
Event: 4.051 GC heap before
{Heap before GC invocations=5 (full 1):
 PSYoungGen      total 76288K, used 65536K [0x00000000e0000000, 0x00000000e9500000, 0x0000000100000000)
  eden space 65536K, 100% used [0x00000000e0000000,0x00000000e4000000,0x00000000e4000000)
  from space 10752K, 0% used [0x00000000e4000000,0x00000000e4000000,0x00000000e4a80000)
  to   space 10752K, 0% used [0x00000000e8a80000,0x00000000e8a80000,0x00000000e9500000)
 ParOldGen       total 115712K, used 11829K [0x00000000a0000000, 0x00000000a7100000, 0x00000000e0000000)
  object space 115712K, 10% used [0x00000000a0000000,0x00000000a0b8d560,0x00000000a7100000)
 Metaspace       used 28921K, capacity 29470K, committed 29696K, reserved 1075200K
  class space    used 3895K, capacity 4068K, committed 4096K, reserved 1048576K
Event: 4.066 GC heap after
Heap after GC invocations=5 (full 1):
 PSYoungGen      total 106496K, used 7967K [0x00000000e0000000, 0x00000000e9280000, 0x0000000100000000)
  eden space 98304K, 0% used [0x00000000e0000000,0x00000000e0000000,0x00000000e6000000)
  from space 8192K, 97% used [0x00000000e8a80000,0x00000000e9247e38,0x00000000e9280000)
  to   space 10752K, 0% used [0x00000000e7d80000,0x00000000e7d80000,0x00000000e8800000)
 ParOldGen       total 115712K, used 11837K [0x00000000a0000000, 0x00000000a7100000, 0x00000000e0000000)
  object space 115712K, 10% used [0x00000000a0000000,0x00000000a0b8f560,0x00000000a7100000)
 Metaspace       used 28921K, capacity 29470K, committed 29696K, reserved 1075200K
  class space    used 3895K, capacity 4068K, committed 4096K, reserved 1048576K
}
Event: 5.065 GC heap before
{Heap before GC invocations=6 (full 1):
 PSYoungGen      total 106496K, used 106271K [0x00000000e0000000, 0x00000000e9280000, 0x0000000100000000)
  eden space 98304K, 100% used [0x00000000e0000000,0x00000000e6000000,0x00000000e6000000)
  from space 8192K, 97% used [0x00000000e8a80000,0x00000000e9247e38,0x00000000e9280000)
  to   space 10752K, 0% used [0x00000000e7d80000,0x00000000e7d80000,0x00000000e8800000)
 ParOldGen       total 115712K, used 11837K [0x00000000a0000000, 0x00000000a7100000, 0x00000000e0000000)
  object space 115712K, 10% used [0x00000000a0000000,0x00000000a0b8f560,0x00000000a7100000)
 Metaspace       used 33871K, capacity 34556K, committed 34816K, reserved 1079296K
  class space    used 4646K, capacity 4839K, committed 4864K, reserved 1048576K
Event: 5.084 GC heap after
Heap after GC invocations=6 (full 1):
 PSYoungGen      total 139264K, used 10751K [0x00000000e0000000, 0x00000000eae80000, 0x0000000100000000)
  eden space 128512K, 0% used [0x00000000e0000000,0x00000000e0000000,0x00000000e7d80000)
  from space 10752K, 99% used [0x00000000e7d80000,0x00000000e87ffc70,0x00000000e8800000)
  to   space 14336K, 0% used [0x00000000ea080000,0x00000000ea080000,0x00000000eae80000)
 ParOldGen       total 115712K, used 12768K [0x00000000a0000000, 0x00000000a7100000, 0x00000000e0000000)
  object space 115712K, 11% used [0x00000000a0000000,0x00000000a0c781b8,0x00000000a7100000)
 Metaspace       used 33871K, capacity 34556K, committed 34816K, reserved 1079296K
  class space    used 4646K, capacity 4839K, committed 4864K, reserved 1048576K
}
Event: 5.333 GC heap before
{Heap before GC invocations=7 (full 1):
 PSYoungGen      total 139264K, used 31364K [0x00000000e0000000, 0x00000000eae80000, 0x0000000100000000)
  eden space 128512K, 16% used [0x00000000e0000000,0x00000000e1421410,0x00000000e7d80000)
  from space 10752K, 99% used [0x00000000e7d80000,0x00000000e87ffc70,0x00000000e8800000)
  to   space 14336K, 0% used [0x00000000ea080000,0x00000000ea080000,0x00000000eae80000)
 ParOldGen       total 115712K, used 12768K [0x00000000a0000000, 0x00000000a7100000, 0x00000000e0000000)
  object space 115712K, 11% used [0x00000000a0000000,0x00000000a0c781b8,0x00000000a7100000)
 Metaspace       used 34451K, capacity 35360K, committed 35456K, reserved 1079296K
  class space    used 4739K, capacity 4945K, committed 4992K, reserved 1048576K
Event: 5.341 GC heap after
Heap after GC invocations=7 (full 1):
 PSYoungGen      total 164864K, used 8977K [0x00000000e0000000, 0x00000000ee300000, 0x0000000100000000)
  eden space 150528K, 0% used [0x00000000e0000000,0x00000000e0000000,0x00000000e9300000)
  from space 14336K, 62% used [0x00000000ea080000,0x00000000ea9446d8,0x00000000eae80000)
  to   space 13824K, 0% used [0x00000000e9300000,0x00000000e9300000,0x00000000ea080000)
 ParOldGen       total 115712K, used 12776K [0x00000000a0000000, 0x00000000a7100000, 0x00000000e0000000)
  object space 115712K, 11% used [0x00000000a0000000,0x00000000a0c7a1b8,0x00000000a7100000)
 Metaspace       used 34451K, capacity 35360K, committed 35456K, reserved 1079296K
  class space    used 4739K, capacity 4945K, committed 4992K, reserved 1048576K
}
Event: 5.341 GC heap before
{Heap before GC invocations=8 (full 2):
 PSYoungGen      total 164864K, used 8977K [0x00000000e0000000, 0x00000000ee300000, 0x0000000100000000)
  eden space 150528K, 0% used [0x00000000e0000000,0x00000000e0000000,0x00000000e9300000)
  from space 14336K, 62% used [0x00000000ea080000,0x00000000ea9446d8,0x00000000eae80000)
  to   space 13824K, 0% used [0x00000000e9300000,0x00000000e9300000,0x00000000ea080000)
 ParOldGen       total 115712K, used 12776K [0x00000000a0000000, 0x00000000a7100000, 0x00000000e0000000)
  object space 115712K, 11% used [0x00000000a0000000,0x00000000a0c7a1b8,0x00000000a7100000)
 Metaspace       used 34451K, capacity 35360K, committed 35456K, reserved 1079296K
  class space    used 4739K, capacity 4945K, committed 4992K, reserved 1048576K
Event: 5.421 GC heap after
Heap after GC invocations=8 (full 2):
 PSYoungGen      total 164864K, used 0K [0x00000000e0000000, 0x00000000ee300000, 0x0000000100000000)
  eden space 150528K, 0% used [0x00000000e0000000,0x00000000e0000000,0x00000000e9300000)
  from space 14336K, 0% used [0x00000000ea080000,0x00000000ea080000,0x00000000eae80000)
  to   space 13824K, 0% used [0x00000000e9300000,0x00000000e9300000,0x00000000ea080000)
 ParOldGen       total 115712K, used 16192K [0x00000000a0000000, 0x00000000a7100000, 0x00000000e0000000)
  object space 115712K, 13% used [0x00000000a0000000,0x00000000a0fd0278,0x00000000a7100000)
 Metaspace       used 34399K, capacity 35186K, committed 35456K, reserved 1079296K
  class space    used 4723K, capacity 4916K, committed 4992K, reserved 1048576K
}
Event: 7.204 GC heap before
{Heap before GC invocations=9 (full 2):
 PSYoungGen      total 164864K, used 150528K [0x00000000e0000000, 0x00000000ee300000, 0x0000000100000000)
  eden space 150528K, 100% used [0x00000000e0000000,0x00000000e9300000,0x00000000e9300000)
  from space 14336K, 0% used [0x00000000ea080000,0x00000000ea080000,0x00000000eae80000)
  to   space 13824K, 0% used [0x00000000e9300000,0x00000000e9300000,0x00000000ea080000)
 ParOldGen       total 115712K, used 16192K [0x00000000a0000000, 0x00000000a7100000, 0x00000000e0000000)
  object space 115712K, 13% used [0x00000000a0000000,0x00000000a0fd0278,0x00000000a7100000)
 Metaspace       used 47162K, capacity 48324K, committed 48640K, reserved 1091584K
  class space    used 6309K, capacity 6579K, committed 6656K, reserved 1048576K
Event: 7.231 GC heap after
Heap after GC invocations=9 (full 2):
 PSYoungGen      total 164352K, used 13800K [0x00000000e0000000, 0x00000000ee300000, 0x0000000100000000)
  eden space 150528K, 0% used [0x00000000e0000000,0x00000000e0000000,0x00000000e9300000)
  from space 13824K, 99% used [0x00000000e9300000,0x00000000ea07a320,0x00000000ea080000)
  to   space 14336K, 0% used [0x00000000ea080000,0x00000000ea080000,0x00000000eae80000)
 ParOldGen       total 115712K, used 21448K [0x00000000a0000000, 0x00000000a7100000, 0x00000000e0000000)
  object space 115712K, 18% used [0x00000000a0000000,0x00000000a14f2078,0x00000000a7100000)
 Metaspace       used 47162K, capacity 48324K, committed 48640K, reserved 1091584K
  class space    used 6309K, capacity 6579K, committed 6656K, reserved 1048576K
}

