# JRE version: OpenJDK Runtime Environment (8.0_202-b03) (build 1.8.0_202-release-1483-b03)
# Java VM: OpenJDK 64-Bit Server VM (25.202-b03 mixed mode windows-amd64 compressed oops)
Heap:
 PSYoungGen      total 95744K, used 49819K [0x00000000e0000000, 0x00000000e6d00000, 0x0000000100000000)
  eden space 82432K, 46% used [0x00000000e0000000,0x00000000e2548238,0x00000000e5080000)
  from space 13312K, 87% used [0x00000000e5e00000,0x00000000e695ec10,0x00000000e6b00000)
  to   space 13824K, 0% used [0x00000000e5080000,0x00000000e5080000,0x00000000e5e00000)
 ParOldGen       total 114176K, used 17791K [0x00000000a0000000, 0x00000000a6f80000, 0x00000000e0000000)
  object space 114176K, 15% used [0x00000000a0000000,0x00000000a115fc50,0x00000000a6f80000)
 Metaspace       used 49480K, capacity 50890K, committed 51072K, reserved 1093632K
  class space    used 6623K, capacity 6974K, committed 7040K, reserved 1048576K
GC Heap History (10 events):
Event: 4.710 GC heap before
{Heap before GC invocations=6 (full 1):
 PSYoungGen      total 76288K, used 73522K [0x00000000e0000000, 0x00000000e5500000, 0x0000000100000000)
  eden space 65536K, 100% used [0x00000000e0000000,0x00000000e4000000,0x00000000e4000000)
  from space 10752K, 74% used [0x00000000e4a80000,0x00000000e524c9e8,0x00000000e5500000)
  to   space 10752K, 0% used [0x00000000e4000000,0x00000000e4000000,0x00000000e4a80000)
 ParOldGen       total 114176K, used 11857K [0x00000000a0000000, 0x00000000a6f80000, 0x00000000e0000000)
  object space 114176K, 10% used [0x00000000a0000000,0x00000000a0b94668,0x00000000a6f80000)
 Metaspace       used 32040K, capacity 32706K, committed 33024K, reserved 1077248K
  class space    used 4410K, capacity 4592K, committed 4608K, reserved 1048576K
Event: 4.719 GC heap after
Heap after GC invocations=6 (full 1):
 PSYoungGen      total 76288K, used 8913K [0x00000000e0000000, 0x00000000e5500000, 0x0000000100000000)
  eden space 65536K, 0% used [0x00000000e0000000,0x00000000e0000000,0x00000000e4000000)
  from space 10752K, 82% used [0x00000000e4000000,0x00000000e48b4420,0x00000000e4a80000)
  to   space 10752K, 0% used [0x00000000e4a80000,0x00000000e4a80000,0x00000000e5500000)
 ParOldGen       total 114176K, used 11865K [0x00000000a0000000, 0x00000000a6f80000, 0x00000000e0000000)
  object space 114176K, 10% used [0x00000000a0000000,0x00000000a0b96668,0x00000000a6f80000)
 Metaspace       used 32040K, capacity 32706K, committed 33024K, reserved 1077248K
  class space    used 4410K, capacity 4592K, committed 4608K, reserved 1048576K
}
Event: 5.319 GC heap before
{Heap before GC invocations=7 (full 1):
 PSYoungGen      total 76288K, used 57073K [0x00000000e0000000, 0x00000000e5500000, 0x0000000100000000)
  eden space 65536K, 73% used [0x00000000e0000000,0x00000000e2f08018,0x00000000e4000000)
  from space 10752K, 82% used [0x00000000e4000000,0x00000000e48b4420,0x00000000e4a80000)
  to   space 10752K, 0% used [0x00000000e4a80000,0x00000000e4a80000,0x00000000e5500000)
 ParOldGen       total 114176K, used 11865K [0x00000000a0000000, 0x00000000a6f80000, 0x00000000e0000000)
  object space 114176K, 10% used [0x00000000a0000000,0x00000000a0b96668,0x00000000a6f80000)
 Metaspace       used 34438K, capacity 35360K, committed 35456K, reserved 1079296K
  class space    used 4741K, capacity 4945K, committed 4992K, reserved 1048576K
Event: 5.330 GC heap after
Heap after GC invocations=7 (full 1):
 PSYoungGen      total 73728K, used 10667K [0x00000000e0000000, 0x00000000e7b80000, 0x0000000100000000)
  eden space 62976K, 0% used [0x00000000e0000000,0x00000000e0000000,0x00000000e3d80000)
  from space 10752K, 99% used [0x00000000e4a80000,0x00000000e54eae68,0x00000000e5500000)
  to   space 13312K, 0% used [0x00000000e3d80000,0x00000000e3d80000,0x00000000e4a80000)
 ParOldGen       total 114176K, used 11873K [0x00000000a0000000, 0x00000000a6f80000, 0x00000000e0000000)
  object space 114176K, 10% used [0x00000000a0000000,0x00000000a0b98668,0x00000000a6f80000)
 Metaspace       used 34438K, capacity 35360K, committed 35456K, reserved 1079296K
  class space    used 4741K, capacity 4945K, committed 4992K, reserved 1048576K
}
Event: 5.330 GC heap before
{Heap before GC invocations=8 (full 2):
 PSYoungGen      total 73728K, used 10667K [0x00000000e0000000, 0x00000000e7b80000, 0x0000000100000000)
  eden space 62976K, 0% used [0x00000000e0000000,0x00000000e0000000,0x00000000e3d80000)
  from space 10752K, 99% used [0x00000000e4a80000,0x00000000e54eae68,0x00000000e5500000)
  to   space 13312K, 0% used [0x00000000e3d80000,0x00000000e3d80000,0x00000000e4a80000)
 ParOldGen       total 114176K, used 11873K [0x00000000a0000000, 0x00000000a6f80000, 0x00000000e0000000)
  object space 114176K, 10% used [0x00000000a0000000,0x00000000a0b98668,0x00000000a6f80000)
 Metaspace       used 34438K, capacity 35360K, committed 35456K, reserved 1079296K
  class space    used 4741K, capacity 4945K, committed 4992K, reserved 1048576K
Event: 5.415 GC heap after
Heap after GC invocations=8 (full 2):
 PSYoungGen      total 73728K, used 0K [0x00000000e0000000, 0x00000000e7b80000, 0x0000000100000000)
  eden space 62976K, 0% used [0x00000000e0000000,0x00000000e0000000,0x00000000e3d80000)
  from space 10752K, 0% used [0x00000000e4a80000,0x00000000e4a80000,0x00000000e5500000)
  to   space 13312K, 0% used [0x00000000e3d80000,0x00000000e3d80000,0x00000000e4a80000)
 ParOldGen       total 114176K, used 17775K [0x00000000a0000000, 0x00000000a6f80000, 0x00000000e0000000)
  object space 114176K, 15% used [0x00000000a0000000,0x00000000a115bc50,0x00000000a6f80000)
 Metaspace       used 34386K, capacity 35186K, committed 35456K, reserved 1079296K
  class space    used 4725K, capacity 4916K, committed 4992K, reserved 1048576K
}
Event: 6.220 GC heap before
{Heap before GC invocations=9 (full 2):
 PSYoungGen      total 73728K, used 62976K [0x00000000e0000000, 0x00000000e7b80000, 0x0000000100000000)
  eden space 62976K, 100% used [0x00000000e0000000,0x00000000e3d80000,0x00000000e3d80000)
  from space 10752K, 0% used [0x00000000e4a80000,0x00000000e4a80000,0x00000000e5500000)
  to   space 13312K, 0% used [0x00000000e3d80000,0x00000000e3d80000,0x00000000e4a80000)
 ParOldGen       total 114176K, used 17775K [0x00000000a0000000, 0x00000000a6f80000, 0x00000000e0000000)
  object space 114176K, 15% used [0x00000000a0000000,0x00000000a115bc50,0x00000000a6f80000)
 Metaspace       used 41638K, capacity 42730K, committed 43136K, reserved 1087488K
  class space    used 5636K, capacity 5901K, committed 6016K, reserved 1048576K
Event: 6.227 GC heap after
Heap after GC invocations=9 (full 2):
 PSYoungGen      total 76288K, used 8240K [0x00000000e0000000, 0x00000000e6b00000, 0x0000000100000000)
  eden space 62976K, 0% used [0x00000000e0000000,0x00000000e0000000,0x00000000e3d80000)
  from space 13312K, 61% used [0x00000000e3d80000,0x00000000e458c188,0x00000000e4a80000)
  to   space 13312K, 0% used [0x00000000e5e00000,0x00000000e5e00000,0x00000000e6b00000)
 ParOldGen       total 114176K, used 17783K [0x00000000a0000000, 0x00000000a6f80000, 0x00000000e0000000)
  object space 114176K, 15% used [0x00000000a0000000,0x00000000a115dc50,0x00000000a6f80000)
 Metaspace       used 41638K, capacity 42730K, committed 43136K, reserved 1087488K
  class space    used 5636K, capacity 5901K, committed 6016K, reserved 1048576K
}
Event: 6.926 GC heap before
{Heap before GC invocations=10 (full 2):
 PSYoungGen      total 76288K, used 71216K [0x00000000e0000000, 0x00000000e6b00000, 0x0000000100000000)
  eden space 62976K, 100% used [0x00000000e0000000,0x00000000e3d80000,0x00000000e3d80000)
  from space 13312K, 61% used [0x00000000e3d80000,0x00000000e458c188,0x00000000e4a80000)
  to   space 13312K, 0% used [0x00000000e5e00000,0x00000000e5e00000,0x00000000e6b00000)
 ParOldGen       total 114176K, used 17783K [0x00000000a0000000, 0x00000000a6f80000, 0x00000000e0000000)
  object space 114176K, 15% used [0x00000000a0000000,0x00000000a115dc50,0x00000000a6f80000)
 Metaspace       used 46643K, capacity 47688K, committed 48000K, reserved 1091584K
  class space    used 6228K, capacity 6476K, committed 6528K, reserved 1048576K
Event: 6.937 GC heap after
Heap after GC invocations=10 (full 2):
 PSYoungGen      total 95744K, used 11643K [0x00000000e0000000, 0x00000000e6d00000, 0x0000000100000000)
  eden space 82432K, 0% used [0x00000000e0000000,0x00000000e0000000,0x00000000e5080000)
  from space 13312K, 87% used [0x00000000e5e00000,0x00000000e695ec10,0x00000000e6b00000)
  to   space 13824K, 0% used [0x00000000e5080000,0x00000000e5080000,0x00000000e5e00000)
 ParOldGen       total 114176K, used 17791K [0x00000000a0000000, 0x00000000a6f80000, 0x00000000e0000000)
  object space 114176K, 15% used [0x00000000a0000000,0x00000000a115fc50,0x00000000a6f80000)
 Metaspace       used 46643K, capacity 47688K, committed 48000K, reserved 1091584K
  class space    used 6228K, capacity 6476K, committed 6528K, reserved 1048576K
}

