# JRE version: OpenJDK Runtime Environment (8.0_202-b03) (build 1.8.0_202-release-1483-b03)
# Java VM: OpenJDK 64-Bit Server VM (25.202-b03 mixed mode windows-amd64 compressed oops)
Heap:
 PSYoungGen      total 409088K, used 176407K [0x00000000e0000000, 0x0000000100000000, 0x0000000100000000)
  eden space 369152K, 36% used [0x00000000e0000000,0x00000000e8548ce8,0x00000000f6880000)
  from space 39936K, 99% used [0x00000000f6880000,0x00000000f8f7d2c0,0x00000000f8f80000)
  to   space 59392K, 0% used [0x00000000fc600000,0x00000000fc600000,0x0000000100000000)
 ParOldGen       total 260608K, used 87713K [0x00000000a0000000, 0x00000000afe80000, 0x00000000e0000000)
  object space 260608K, 33% used [0x00000000a0000000,0x00000000a55a85c0,0x00000000afe80000)
 Metaspace       used 89669K, capacity 93746K, committed 93784K, reserved 1130496K
  class space    used 11570K, capacity 12358K, committed 12376K, reserved 1048576K
GC Heap History (10 events):
Event: 277.369 GC heap before
{Heap before GC invocations=18 (full 3):
 PSYoungGen      total 345088K, used 345059K [0x00000000e0000000, 0x00000000f9180000, 0x0000000100000000)
  eden space 307200K, 100% used [0x00000000e0000000,0x00000000f2c00000,0x00000000f2c00000)
  from space 37888K, 99% used [0x00000000f5680000,0x00000000f7b78dd8,0x00000000f7b80000)
  to   space 43520K, 0% used [0x00000000f2c00000,0x00000000f2c00000,0x00000000f5680000)
 ParOldGen       total 260608K, used 43697K [0x00000000a0000000, 0x00000000afe80000, 0x00000000e0000000)
  object space 260608K, 16% used [0x00000000a0000000,0x00000000a2aac750,0x00000000afe80000)
 Metaspace       used 88694K, capacity 92600K, committed 92888K, reserved 1130496K
  class space    used 11495K, capacity 12229K, committed 12248K, reserved 1048576K
Event: 277.423 GC heap after
Heap after GC invocations=18 (full 3):
 PSYoungGen      total 350720K, used 21877K [0x00000000e0000000, 0x00000000fb880000, 0x0000000100000000)
  eden space 307200K, 0% used [0x00000000e0000000,0x00000000e0000000,0x00000000f2c00000)
  from space 43520K, 50% used [0x00000000f2c00000,0x00000000f415d658,0x00000000f5680000)
  to   space 41984K, 0% used [0x00000000f8f80000,0x00000000f8f80000,0x00000000fb880000)
 ParOldGen       total 260608K, used 63614K [0x00000000a0000000, 0x00000000afe80000, 0x00000000e0000000)
  object space 260608K, 24% used [0x00000000a0000000,0x00000000a3e1f870,0x00000000afe80000)
 Metaspace       used 88694K, capacity 92600K, committed 92888K, reserved 1130496K
  class space    used 11495K, capacity 12229K, committed 12248K, reserved 1048576K
}
Event: 277.787 GC heap before
{Heap before GC invocations=19 (full 3):
 PSYoungGen      total 350720K, used 329077K [0x00000000e0000000, 0x00000000fb880000, 0x0000000100000000)
  eden space 307200K, 100% used [0x00000000e0000000,0x00000000f2c00000,0x00000000f2c00000)
  from space 43520K, 50% used [0x00000000f2c00000,0x00000000f415d658,0x00000000f5680000)
  to   space 41984K, 0% used [0x00000000f8f80000,0x00000000f8f80000,0x00000000fb880000)
 ParOldGen       total 260608K, used 63614K [0x00000000a0000000, 0x00000000afe80000, 0x00000000e0000000)
  object space 260608K, 24% used [0x00000000a0000000,0x00000000a3e1f988,0x00000000afe80000)
 Metaspace       used 88993K, capacity 92870K, committed 93016K, reserved 1130496K
  class space    used 11512K, capacity 12264K, committed 12376K, reserved 1048576K
Event: 277.813 GC heap after
Heap after GC invocations=19 (full 3):
 PSYoungGen      total 411136K, used 20590K [0x00000000e0000000, 0x00000000fc680000, 0x0000000100000000)
  eden space 369152K, 0% used [0x00000000e0000000,0x00000000e0000000,0x00000000f6880000)
  from space 41984K, 49% used [0x00000000f8f80000,0x00000000fa39b920,0x00000000fb880000)
  to   space 39936K, 0% used [0x00000000f6880000,0x00000000f6880000,0x00000000f8f80000)
 ParOldGen       total 260608K, used 63622K [0x00000000a0000000, 0x00000000afe80000, 0x00000000e0000000)
  object space 260608K, 24% used [0x00000000a0000000,0x00000000a3e21988,0x00000000afe80000)
 Metaspace       used 88993K, capacity 92870K, committed 93016K, reserved 1130496K
  class space    used 11512K, capacity 12264K, committed 12376K, reserved 1048576K
}
Event: 278.264 GC heap before
{Heap before GC invocations=20 (full 3):
 PSYoungGen      total 411136K, used 389742K [0x00000000e0000000, 0x00000000fc680000, 0x0000000100000000)
  eden space 369152K, 100% used [0x00000000e0000000,0x00000000f6880000,0x00000000f6880000)
  from space 41984K, 49% used [0x00000000f8f80000,0x00000000fa39b920,0x00000000fb880000)
  to   space 39936K, 0% used [0x00000000f6880000,0x00000000f6880000,0x00000000f8f80000)
 ParOldGen       total 260608K, used 63625K [0x00000000a0000000, 0x00000000afe80000, 0x00000000e0000000)
  object space 260608K, 24% used [0x00000000a0000000,0x00000000a3e22668,0x00000000afe80000)
 Metaspace       used 89192K, capacity 93126K, committed 93272K, reserved 1130496K
  class space    used 11521K, capacity 12264K, committed 12376K, reserved 1048576K
Event: 278.296 GC heap after
Heap after GC invocations=20 (full 3):
 PSYoungGen      total 409088K, used 33347K [0x00000000e0000000, 0x00000000fc680000, 0x0000000100000000)
  eden space 369152K, 0% used [0x00000000e0000000,0x00000000e0000000,0x00000000f6880000)
  from space 39936K, 83% used [0x00000000f6880000,0x00000000f8910e88,0x00000000f8f80000)
  to   space 41984K, 0% used [0x00000000f8f80000,0x00000000f8f80000,0x00000000fb880000)
 ParOldGen       total 260608K, used 63633K [0x00000000a0000000, 0x00000000afe80000, 0x00000000e0000000)
  object space 260608K, 24% used [0x00000000a0000000,0x00000000a3e24668,0x00000000afe80000)
 Metaspace       used 89192K, capacity 93126K, committed 93272K, reserved 1130496K
  class space    used 11521K, capacity 12264K, committed 12376K, reserved 1048576K
}
Event: 278.782 GC heap before
{Heap before GC invocations=21 (full 3):
 PSYoungGen      total 409088K, used 402499K [0x00000000e0000000, 0x00000000fc680000, 0x0000000100000000)
  eden space 369152K, 100% used [0x00000000e0000000,0x00000000f6880000,0x00000000f6880000)
  from space 39936K, 83% used [0x00000000f6880000,0x00000000f8910e88,0x00000000f8f80000)
  to   space 41984K, 0% used [0x00000000f8f80000,0x00000000f8f80000,0x00000000fb880000)
 ParOldGen       total 260608K, used 63633K [0x00000000a0000000, 0x00000000afe80000, 0x00000000e0000000)
  object space 260608K, 24% used [0x00000000a0000000,0x00000000a3e24668,0x00000000afe80000)
 Metaspace       used 89393K, capacity 93456K, committed 93528K, reserved 1130496K
  class space    used 11546K, capacity 12343K, committed 12376K, reserved 1048576K
Event: 278.839 GC heap after
Heap after GC invocations=21 (full 3):
 PSYoungGen      total 411136K, used 41964K [0x00000000e0000000, 0x00000000fc680000, 0x0000000100000000)
  eden space 369152K, 0% used [0x00000000e0000000,0x00000000e0000000,0x00000000f6880000)
  from space 41984K, 99% used [0x00000000f8f80000,0x00000000fb87b220,0x00000000fb880000)
  to   space 39936K, 0% used [0x00000000f6880000,0x00000000f6880000,0x00000000f8f80000)
 ParOldGen       total 260608K, used 79149K [0x00000000a0000000, 0x00000000afe80000, 0x00000000e0000000)
  object space 260608K, 30% used [0x00000000a0000000,0x00000000a4d4b690,0x00000000afe80000)
 Metaspace       used 89393K, capacity 93456K, committed 93528K, reserved 1130496K
  class space    used 11546K, capacity 12343K, committed 12376K, reserved 1048576K
}
Event: 279.316 GC heap before
{Heap before GC invocations=22 (full 3):
 PSYoungGen      total 411136K, used 411116K [0x00000000e0000000, 0x00000000fc680000, 0x0000000100000000)
  eden space 369152K, 100% used [0x00000000e0000000,0x00000000f6880000,0x00000000f6880000)
  from space 41984K, 99% used [0x00000000f8f80000,0x00000000fb87b220,0x00000000fb880000)
  to   space 39936K, 0% used [0x00000000f6880000,0x00000000f6880000,0x00000000f8f80000)
 ParOldGen       total 260608K, used 79149K [0x00000000a0000000, 0x00000000afe80000, 0x00000000e0000000)
  object space 260608K, 30% used [0x00000000a0000000,0x00000000a4d4b690,0x00000000afe80000)
 Metaspace       used 89638K, capacity 93746K, committed 93784K, reserved 1130496K
  class space    used 11568K, capacity 12358K, committed 12376K, reserved 1048576K
Event: 279.357 GC heap after
Heap after GC invocations=22 (full 3):
 PSYoungGen      total 409088K, used 39924K [0x00000000e0000000, 0x0000000100000000, 0x0000000100000000)
  eden space 369152K, 0% used [0x00000000e0000000,0x00000000e0000000,0x00000000f6880000)
  from space 39936K, 99% used [0x00000000f6880000,0x00000000f8f7d2c0,0x00000000f8f80000)
  to   space 59392K, 0% used [0x00000000fc600000,0x00000000fc600000,0x0000000100000000)
 ParOldGen       total 260608K, used 87713K [0x00000000a0000000, 0x00000000afe80000, 0x00000000e0000000)
  object space 260608K, 33% used [0x00000000a0000000,0x00000000a55a85c0,0x00000000afe80000)
 Metaspace       used 89638K, capacity 93746K, committed 93784K, reserved 1130496K
  class space    used 11568K, capacity 12358K, committed 12376K, reserved 1048576K
}

