# JRE version: OpenJDK Runtime Environment (8.0_202-b03) (build 1.8.0_202-release-1483-b03)
# Java VM: OpenJDK 64-Bit Server VM (25.202-b03 mixed mode windows-amd64 compressed oops)
Heap:
 PSYoungGen      total 274944K, used 214845K [0x00000000e0000000, 0x00000000f4900000, 0x0000000100000000)
  eden space 245760K, 87% used [0x00000000e0000000,0x00000000ed1cf618,0x00000000ef000000)
  from space 29184K, 0% used [0x00000000ef680000,0x00000000ef680000,0x00000000f1300000)
  to   space 45568K, 0% used [0x00000000f1c80000,0x00000000f1c80000,0x00000000f4900000)
 ParOldGen       total 233984K, used 60275K [0x00000000a0000000, 0x00000000ae480000, 0x00000000e0000000)
  object space 233984K, 25% used [0x00000000a0000000,0x00000000a3adcfe8,0x00000000ae480000)
 Metaspace       used 92577K, capacity 96100K, committed 99672K, reserved 1136640K
  class space    used 11749K, capacity 12435K, committed 13184K, reserved 1048576K
GC Heap History (10 events):
Event: 2407.230 GC heap before
{Heap before GC invocations=15 (full 3):
 PSYoungGen      total 308224K, used 308201K [0x00000000e0000000, 0x00000000f5980000, 0x0000000100000000)
  eden space 276992K, 100% used [0x00000000e0000000,0x00000000f0e80000,0x00000000f0e80000)
  from space 31232K, 99% used [0x00000000f1680000,0x00000000f34fa720,0x00000000f3500000)
  to   space 37376K, 0% used [0x00000000f3500000,0x00000000f3500000,0x00000000f5980000)
 ParOldGen       total 233984K, used 55027K [0x00000000a0000000, 0x00000000ae480000, 0x00000000e0000000)
  object space 233984K, 23% used [0x00000000a0000000,0x00000000a35bcdf8,0x00000000ae480000)
 Metaspace       used 85440K, capacity 90200K, committed 90328K, reserved 1128448K
  class space    used 11148K, capacity 12008K, committed 12032K, reserved 1048576K
Event: 2407.283 GC heap after
Heap after GC invocations=15 (full 3):
 PSYoungGen      total 295936K, used 19350K [0x00000000e0000000, 0x00000000f4f00000, 0x0000000100000000)
  eden space 269312K, 0% used [0x00000000e0000000,0x00000000e0000000,0x00000000f0700000)
  from space 26624K, 72% used [0x00000000f3500000,0x00000000f47e59b0,0x00000000f4f00000)
  to   space 36864K, 0% used [0x00000000f0700000,0x00000000f0700000,0x00000000f2b00000)
 ParOldGen       total 233984K, used 75828K [0x00000000a0000000, 0x00000000ae480000, 0x00000000e0000000)
  object space 233984K, 32% used [0x00000000a0000000,0x00000000a4a0d008,0x00000000ae480000)
 Metaspace       used 85440K, capacity 90200K, committed 90328K, reserved 1128448K
  class space    used 11148K, capacity 12008K, committed 12032K, reserved 1048576K
}
Event: 5257.943 GC heap before
{Heap before GC invocations=16 (full 3):
 PSYoungGen      total 295936K, used 288662K [0x00000000e0000000, 0x00000000f4f00000, 0x0000000100000000)
  eden space 269312K, 100% used [0x00000000e0000000,0x00000000f0700000,0x00000000f0700000)
  from space 26624K, 72% used [0x00000000f3500000,0x00000000f47e59b0,0x00000000f4f00000)
  to   space 36864K, 0% used [0x00000000f0700000,0x00000000f0700000,0x00000000f2b00000)
 ParOldGen       total 233984K, used 75828K [0x00000000a0000000, 0x00000000ae480000, 0x00000000e0000000)
  object space 233984K, 32% used [0x00000000a0000000,0x00000000a4a0d008,0x00000000ae480000)
 Metaspace       used 86559K, capacity 91762K, committed 91864K, reserved 1128448K
  class space    used 11265K, capacity 12207K, committed 12288K, reserved 1048576K
Event: 5257.990 GC heap after
Heap after GC invocations=16 (full 3):
 PSYoungGen      total 282112K, used 20215K [0x00000000e0000000, 0x00000000f4580000, 0x0000000100000000)
  eden space 261632K, 0% used [0x00000000e0000000,0x00000000e0000000,0x00000000eff80000)
  from space 20480K, 98% used [0x00000000f0700000,0x00000000f1abdeb0,0x00000000f1b00000)
  to   space 35840K, 0% used [0x00000000f2280000,0x00000000f2280000,0x00000000f4580000)
 ParOldGen       total 233984K, used 75836K [0x00000000a0000000, 0x00000000ae480000, 0x00000000e0000000)
  object space 233984K, 32% used [0x00000000a0000000,0x00000000a4a0f008,0x00000000ae480000)
 Metaspace       used 86559K, capacity 91762K, committed 91864K, reserved 1128448K
  class space    used 11265K, capacity 12207K, committed 12288K, reserved 1048576K
}
Event: 5263.922 GC heap before
{Heap before GC invocations=17 (full 3):
 PSYoungGen      total 282112K, used 281847K [0x00000000e0000000, 0x00000000f4580000, 0x0000000100000000)
  eden space 261632K, 100% used [0x00000000e0000000,0x00000000eff80000,0x00000000eff80000)
  from space 20480K, 98% used [0x00000000f0700000,0x00000000f1abdeb0,0x00000000f1b00000)
  to   space 35840K, 0% used [0x00000000f2280000,0x00000000f2280000,0x00000000f4580000)
 ParOldGen       total 233984K, used 75836K [0x00000000a0000000, 0x00000000ae480000, 0x00000000e0000000)
  object space 233984K, 32% used [0x00000000a0000000,0x00000000a4a0f008,0x00000000ae480000)
 Metaspace       used 91356K, capacity 96886K, committed 96984K, reserved 1134592K
  class space    used 11771K, capacity 12771K, committed 12800K, reserved 1048576K
Event: 5264.041 GC heap after
Heap after GC invocations=17 (full 3):
 PSYoungGen      total 288256K, used 35815K [0x00000000e0000000, 0x00000000f5080000, 0x0000000100000000)
  eden space 252416K, 0% used [0x00000000e0000000,0x00000000e0000000,0x00000000ef680000)
  from space 35840K, 99% used [0x00000000f2280000,0x00000000f4579d38,0x00000000f4580000)
  to   space 45056K, 0% used [0x00000000ef680000,0x00000000ef680000,0x00000000f2280000)
 ParOldGen       total 233984K, used 87205K [0x00000000a0000000, 0x00000000ae480000, 0x00000000e0000000)
  object space 233984K, 37% used [0x00000000a0000000,0x00000000a5529700,0x00000000ae480000)
 Metaspace       used 91356K, capacity 96886K, committed 96984K, reserved 1134592K
  class space    used 11771K, capacity 12771K, committed 12800K, reserved 1048576K
}
Event: 5274.778 GC heap before
{Heap before GC invocations=18 (full 3):
 PSYoungGen      total 288256K, used 96650K [0x00000000e0000000, 0x00000000f5080000, 0x0000000100000000)
  eden space 252416K, 24% used [0x00000000e0000000,0x00000000e3b68ad0,0x00000000ef680000)
  from space 35840K, 99% used [0x00000000f2280000,0x00000000f4579d38,0x00000000f4580000)
  to   space 45056K, 0% used [0x00000000ef680000,0x00000000ef680000,0x00000000f2280000)
 ParOldGen       total 233984K, used 87205K [0x00000000a0000000, 0x00000000ae480000, 0x00000000e0000000)
  object space 233984K, 37% used [0x00000000a0000000,0x00000000a5529700,0x00000000ae480000)
 Metaspace       used 92524K, capacity 98126K, committed 98264K, reserved 1134592K
  class space    used 11913K, capacity 12941K, committed 13056K, reserved 1048576K
Event: 5274.821 GC heap after
Heap after GC invocations=18 (full 3):
 PSYoungGen      total 274944K, used 28993K [0x00000000e0000000, 0x00000000f4900000, 0x0000000100000000)
  eden space 245760K, 0% used [0x00000000e0000000,0x00000000e0000000,0x00000000ef000000)
  from space 29184K, 99% used [0x00000000ef680000,0x00000000f12d07a0,0x00000000f1300000)
  to   space 45568K, 0% used [0x00000000f1c80000,0x00000000f1c80000,0x00000000f4900000)
 ParOldGen       total 233984K, used 93401K [0x00000000a0000000, 0x00000000ae480000, 0x00000000e0000000)
  object space 233984K, 39% used [0x00000000a0000000,0x00000000a5b36528,0x00000000ae480000)
 Metaspace       used 92524K, capacity 98126K, committed 98264K, reserved 1134592K
  class space    used 11913K, capacity 12941K, committed 13056K, reserved 1048576K
}
Event: 5274.821 GC heap before
{Heap before GC invocations=19 (full 4):
 PSYoungGen      total 274944K, used 28993K [0x00000000e0000000, 0x00000000f4900000, 0x0000000100000000)
  eden space 245760K, 0% used [0x00000000e0000000,0x00000000e0000000,0x00000000ef000000)
  from space 29184K, 99% used [0x00000000ef680000,0x00000000f12d07a0,0x00000000f1300000)
  to   space 45568K, 0% used [0x00000000f1c80000,0x00000000f1c80000,0x00000000f4900000)
 ParOldGen       total 233984K, used 93401K [0x00000000a0000000, 0x00000000ae480000, 0x00000000e0000000)
  object space 233984K, 39% used [0x00000000a0000000,0x00000000a5b36528,0x00000000ae480000)
 Metaspace       used 92524K, capacity 98126K, committed 98264K, reserved 1134592K
  class space    used 11913K, capacity 12941K, committed 13056K, reserved 1048576K
Event: 5275.166 GC heap after
Heap after GC invocations=19 (full 4):
 PSYoungGen      total 274944K, used 0K [0x00000000e0000000, 0x00000000f4900000, 0x0000000100000000)
  eden space 245760K, 0% used [0x00000000e0000000,0x00000000e0000000,0x00000000ef000000)
  from space 29184K, 0% used [0x00000000ef680000,0x00000000ef680000,0x00000000f1300000)
  to   space 45568K, 0% used [0x00000000f1c80000,0x00000000f1c80000,0x00000000f4900000)
 ParOldGen       total 233984K, used 60275K [0x00000000a0000000, 0x00000000ae480000, 0x00000000e0000000)
  object space 233984K, 25% used [0x00000000a0000000,0x00000000a3adcfe8,0x00000000ae480000)
 Metaspace       used 90441K, capacity 93768K, committed 98264K, reserved 1134592K
  class space    used 11475K, capacity 12145K, committed 13056K, reserved 1048576K
}

