# JRE version: OpenJDK Runtime Environment (8.0_202-b03) (build 1.8.0_202-release-1483-b03)
# Java VM: OpenJDK 64-Bit Server VM (25.202-b03 mixed mode windows-amd64 compressed oops)
Heap:
 PSYoungGen      total 168960K, used 3762K [0x00000000e0000000, 0x00000000ee700000, 0x0000000100000000)
  eden space 154624K, 2% used [0x00000000e0000000,0x00000000e03ac990,0x00000000e9700000)
  from space 14336K, 0% used [0x00000000ea480000,0x00000000ea480000,0x00000000eb280000)
  to   space 13824K, 0% used [0x00000000e9700000,0x00000000e9700000,0x00000000ea480000)
 ParOldGen       total 173056K, used 16137K [0x00000000a0000000, 0x00000000aa900000, 0x00000000e0000000)
  object space 173056K, 9% used [0x00000000a0000000,0x00000000a0fc2460,0x00000000aa900000)
 Metaspace       used 34527K, capacity 35356K, committed 35712K, reserved 1079296K
  class space    used 4747K, capacity 4949K, committed 4992K, reserved 1048576K
GC Heap History (10 events):
Event: 3.158 GC heap before
{Heap before GC invocations=4 (full 1):
 PSYoungGen      total 76288K, used 10744K [0x00000000e0000000, 0x00000000e9500000, 0x0000000100000000)
  eden space 65536K, 0% used [0x00000000e0000000,0x00000000e0000000,0x00000000e4000000)
  from space 10752K, 99% used [0x00000000e4000000,0x00000000e4a7e1d0,0x00000000e4a80000)
  to   space 10752K, 0% used [0x00000000e8a80000,0x00000000e8a80000,0x00000000e9500000)
 ParOldGen       total 175104K, used 1550K [0x00000000a0000000, 0x00000000aab00000, 0x00000000e0000000)
  object space 175104K, 0% used [0x00000000a0000000,0x00000000a0183830,0x00000000aab00000)
 Metaspace       used 20699K, capacity 21162K, committed 21296K, reserved 1067008K
  class space    used 2956K, capacity 3123K, committed 3200K, reserved 1048576K
Event: 3.193 GC heap after
Heap after GC invocations=4 (full 1):
 PSYoungGen      total 76288K, used 0K [0x00000000e0000000, 0x00000000e9500000, 0x0000000100000000)
  eden space 65536K, 0% used [0x00000000e0000000,0x00000000e0000000,0x00000000e4000000)
  from space 10752K, 0% used [0x00000000e4000000,0x00000000e4000000,0x00000000e4a80000)
  to   space 10752K, 0% used [0x00000000e8a80000,0x00000000e8a80000,0x00000000e9500000)
 ParOldGen       total 112640K, used 11827K [0x00000000a0000000, 0x00000000a6e00000, 0x00000000e0000000)
  object space 112640K, 10% used [0x00000000a0000000,0x00000000a0b8cd68,0x00000000a6e00000)
 Metaspace       used 20699K, capacity 21162K, committed 21296K, reserved 1067008K
  class space    used 2956K, capacity 3123K, committed 3200K, reserved 1048576K
}
Event: 4.051 GC heap before
{Heap before GC invocations=5 (full 1):
 PSYoungGen      total 76288K, used 65536K [0x00000000e0000000, 0x00000000e9500000, 0x0000000100000000)
  eden space 65536K, 100% used [0x00000000e0000000,0x00000000e4000000,0x00000000e4000000)
  from space 10752K, 0% used [0x00000000e4000000,0x00000000e4000000,0x00000000e4a80000)
  to   space 10752K, 0% used [0x00000000e8a80000,0x00000000e8a80000,0x00000000e9500000)
 ParOldGen       total 112640K, used 11827K [0x00000000a0000000, 0x00000000a6e00000, 0x00000000e0000000)
  object space 112640K, 10% used [0x00000000a0000000,0x00000000a0b8cd68,0x00000000a6e00000)
 Metaspace       used 28934K, capacity 29534K, committed 29696K, reserved 1075200K
  class space    used 3897K, capacity 4068K, committed 4096K, reserved 1048576K
Event: 4.064 GC heap after
Heap after GC invocations=5 (full 1):
 PSYoungGen      total 107520K, used 8059K [0x00000000e0000000, 0x00000000e9280000, 0x0000000100000000)
  eden space 99328K, 0% used [0x00000000e0000000,0x00000000e0000000,0x00000000e6100000)
  from space 8192K, 98% used [0x00000000e8a80000,0x00000000e925ec08,0x00000000e9280000)
  to   space 10752K, 0% used [0x00000000e7d80000,0x00000000e7d80000,0x00000000e8800000)
 ParOldGen       total 112640K, used 11835K [0x00000000a0000000, 0x00000000a6e00000, 0x00000000e0000000)
  object space 112640K, 10% used [0x00000000a0000000,0x00000000a0b8ed68,0x00000000a6e00000)
 Metaspace       used 28934K, capacity 29534K, committed 29696K, reserved 1075200K
  class space    used 3897K, capacity 4068K, committed 4096K, reserved 1048576K
}
Event: 5.017 GC heap before
{Heap before GC invocations=6 (full 1):
 PSYoungGen      total 107520K, used 107387K [0x00000000e0000000, 0x00000000e9280000, 0x0000000100000000)
  eden space 99328K, 100% used [0x00000000e0000000,0x00000000e6100000,0x00000000e6100000)
  from space 8192K, 98% used [0x00000000e8a80000,0x00000000e925ec08,0x00000000e9280000)
  to   space 10752K, 0% used [0x00000000e7d80000,0x00000000e7d80000,0x00000000e8800000)
 ParOldGen       total 112640K, used 11835K [0x00000000a0000000, 0x00000000a6e00000, 0x00000000e0000000)
  object space 112640K, 10% used [0x00000000a0000000,0x00000000a0b8ed68,0x00000000a6e00000)
 Metaspace       used 33920K, capacity 34664K, committed 34944K, reserved 1079296K
  class space    used 4656K, capacity 4873K, committed 4992K, reserved 1048576K
Event: 5.035 GC heap after
Heap after GC invocations=6 (full 1):
 PSYoungGen      total 139264K, used 10742K [0x00000000e0000000, 0x00000000eb280000, 0x0000000100000000)
  eden space 128512K, 0% used [0x00000000e0000000,0x00000000e0000000,0x00000000e7d80000)
  from space 10752K, 99% used [0x00000000e7d80000,0x00000000e87fdba0,0x00000000e8800000)
  to   space 14336K, 0% used [0x00000000ea480000,0x00000000ea480000,0x00000000eb280000)
 ParOldGen       total 112640K, used 12337K [0x00000000a0000000, 0x00000000a6e00000, 0x00000000e0000000)
  object space 112640K, 10% used [0x00000000a0000000,0x00000000a0c0c538,0x00000000a6e00000)
 Metaspace       used 33920K, capacity 34664K, committed 34944K, reserved 1079296K
  class space    used 4656K, capacity 4873K, committed 4992K, reserved 1048576K
}
Event: 5.270 GC heap before
{Heap before GC invocations=7 (full 1):
 PSYoungGen      total 139264K, used 28699K [0x00000000e0000000, 0x00000000eb280000, 0x0000000100000000)
  eden space 128512K, 13% used [0x00000000e0000000,0x00000000e11890c0,0x00000000e7d80000)
  from space 10752K, 99% used [0x00000000e7d80000,0x00000000e87fdba0,0x00000000e8800000)
  to   space 14336K, 0% used [0x00000000ea480000,0x00000000ea480000,0x00000000eb280000)
 ParOldGen       total 112640K, used 12337K [0x00000000a0000000, 0x00000000a6e00000, 0x00000000e0000000)
  object space 112640K, 10% used [0x00000000a0000000,0x00000000a0c0c538,0x00000000a6e00000)
 Metaspace       used 34462K, capacity 35370K, committed 35456K, reserved 1079296K
  class space    used 4742K, capacity 4946K, committed 4992K, reserved 1048576K
Event: 5.278 GC heap after
Heap after GC invocations=7 (full 1):
 PSYoungGen      total 168960K, used 8928K [0x00000000e0000000, 0x00000000ee700000, 0x0000000100000000)
  eden space 154624K, 0% used [0x00000000e0000000,0x00000000e0000000,0x00000000e9700000)
  from space 14336K, 62% used [0x00000000ea480000,0x00000000ead38000,0x00000000eb280000)
  to   space 13824K, 0% used [0x00000000e9700000,0x00000000e9700000,0x00000000ea480000)
 ParOldGen       total 112640K, used 12345K [0x00000000a0000000, 0x00000000a6e00000, 0x00000000e0000000)
  object space 112640K, 10% used [0x00000000a0000000,0x00000000a0c0e538,0x00000000a6e00000)
 Metaspace       used 34462K, capacity 35370K, committed 35456K, reserved 1079296K
  class space    used 4742K, capacity 4946K, committed 4992K, reserved 1048576K
}
Event: 5.278 GC heap before
{Heap before GC invocations=8 (full 2):
 PSYoungGen      total 168960K, used 8928K [0x00000000e0000000, 0x00000000ee700000, 0x0000000100000000)
  eden space 154624K, 0% used [0x00000000e0000000,0x00000000e0000000,0x00000000e9700000)
  from space 14336K, 62% used [0x00000000ea480000,0x00000000ead38000,0x00000000eb280000)
  to   space 13824K, 0% used [0x00000000e9700000,0x00000000e9700000,0x00000000ea480000)
 ParOldGen       total 112640K, used 12345K [0x00000000a0000000, 0x00000000a6e00000, 0x00000000e0000000)
  object space 112640K, 10% used [0x00000000a0000000,0x00000000a0c0e538,0x00000000a6e00000)
 Metaspace       used 34462K, capacity 35370K, committed 35456K, reserved 1079296K
  class space    used 4742K, capacity 4946K, committed 4992K, reserved 1048576K
Event: 5.361 GC heap after
Heap after GC invocations=8 (full 2):
 PSYoungGen      total 168960K, used 0K [0x00000000e0000000, 0x00000000ee700000, 0x0000000100000000)
  eden space 154624K, 0% used [0x00000000e0000000,0x00000000e0000000,0x00000000e9700000)
  from space 14336K, 0% used [0x00000000ea480000,0x00000000ea480000,0x00000000eb280000)
  to   space 13824K, 0% used [0x00000000e9700000,0x00000000e9700000,0x00000000ea480000)
 ParOldGen       total 173056K, used 16137K [0x00000000a0000000, 0x00000000aa900000, 0x00000000e0000000)
  object space 173056K, 9% used [0x00000000a0000000,0x00000000a0fc2460,0x00000000aa900000)
 Metaspace       used 34409K, capacity 35190K, committed 35456K, reserved 1079296K
  class space    used 4725K, capacity 4916K, committed 4992K, reserved 1048576K
}

