# JRE version: OpenJDK Runtime Environment (8.0_202-b03) (build 1.8.0_202-release-1483-b03)
# Java VM: OpenJDK 64-Bit Server VM (25.202-b03 mixed mode windows-amd64 compressed oops)
Heap:
 PSYoungGen      total 413184K, used 360353K [0x00000000e0000000, 0x00000000fc300000, 0x0000000100000000)
  eden space 362496K, 93% used [0x00000000e0000000,0x00000000f4b7b518,0x00000000f6200000)
  from space 50688K, 41% used [0x00000000f9180000,0x00000000fa5ed030,0x00000000fc300000)
  to   space 48640K, 0% used [0x00000000f6200000,0x00000000f6200000,0x00000000f9180000)
 ParOldGen       total 268288K, used 112860K [0x00000000a0000000, 0x00000000b0600000, 0x00000000e0000000)
  object space 268288K, 42% used [0x00000000a0000000,0x00000000a6e37320,0x00000000b0600000)
 Metaspace       used 76007K, capacity 80536K, committed 80728K, reserved 1118208K
  class space    used 10347K, capacity 11081K, committed 11096K, reserved 1048576K
GC Heap History (10 events):
Event: 13.634 GC heap before
{Heap before GC invocations=15 (full 3):
 PSYoungGen      total 259072K, used 251797K [0x00000000e0000000, 0x00000000f5d80000, 0x0000000100000000)
  eden space 220160K, 100% used [0x00000000e0000000,0x00000000ed700000,0x00000000ed700000)
  from space 38912K, 81% used [0x00000000ed700000,0x00000000ef5e56b0,0x00000000efd00000)
  to   space 41984K, 0% used [0x00000000f3480000,0x00000000f3480000,0x00000000f5d80000)
 ParOldGen       total 268288K, used 71404K [0x00000000a0000000, 0x00000000b0600000, 0x00000000e0000000)
  object space 268288K, 26% used [0x00000000a0000000,0x00000000a45bb070,0x00000000b0600000)
 Metaspace       used 73312K, capacity 76628K, committed 76760K, reserved 1116160K
  class space    used 9980K, capacity 10605K, committed 10712K, reserved 1048576K
Event: 13.668 GC heap after
Heap after GC invocations=15 (full 3):
 PSYoungGen      total 311808K, used 35616K [0x00000000e0000000, 0x00000000f6c80000, 0x0000000100000000)
  eden space 269824K, 0% used [0x00000000e0000000,0x00000000e0000000,0x00000000f0780000)
  from space 41984K, 84% used [0x00000000f3480000,0x00000000f5748300,0x00000000f5d80000)
  to   space 46080K, 0% used [0x00000000f0780000,0x00000000f0780000,0x00000000f3480000)
 ParOldGen       total 268288K, used 71412K [0x00000000a0000000, 0x00000000b0600000, 0x00000000e0000000)
  object space 268288K, 26% used [0x00000000a0000000,0x00000000a45bd070,0x00000000b0600000)
 Metaspace       used 73312K, capacity 76628K, committed 76760K, reserved 1116160K
  class space    used 9980K, capacity 10605K, committed 10712K, reserved 1048576K
}
Event: 14.110 GC heap before
{Heap before GC invocations=16 (full 3):
 PSYoungGen      total 311808K, used 305440K [0x00000000e0000000, 0x00000000f6c80000, 0x0000000100000000)
  eden space 269824K, 100% used [0x00000000e0000000,0x00000000f0780000,0x00000000f0780000)
  from space 41984K, 84% used [0x00000000f3480000,0x00000000f5748300,0x00000000f5d80000)
  to   space 46080K, 0% used [0x00000000f0780000,0x00000000f0780000,0x00000000f3480000)
 ParOldGen       total 268288K, used 71412K [0x00000000a0000000, 0x00000000b0600000, 0x00000000e0000000)
  object space 268288K, 26% used [0x00000000a0000000,0x00000000a45bd070,0x00000000b0600000)
 Metaspace       used 73857K, capacity 77342K, committed 77528K, reserved 1116160K
  class space    used 10039K, capacity 10710K, committed 10712K, reserved 1048576K
Event: 14.167 GC heap after
Heap after GC invocations=16 (full 3):
 PSYoungGen      total 315904K, used 41095K [0x00000000e0000000, 0x00000000fc380000, 0x0000000100000000)
  eden space 269824K, 0% used [0x00000000e0000000,0x00000000e0000000,0x00000000f0780000)
  from space 46080K, 89% used [0x00000000f0780000,0x00000000f2fa1f40,0x00000000f3480000)
  to   space 51200K, 0% used [0x00000000f9180000,0x00000000f9180000,0x00000000fc380000)
 ParOldGen       total 268288K, used 71420K [0x00000000a0000000, 0x00000000b0600000, 0x00000000e0000000)
  object space 268288K, 26% used [0x00000000a0000000,0x00000000a45bf070,0x00000000b0600000)
 Metaspace       used 73857K, capacity 77342K, committed 77528K, reserved 1116160K
  class space    used 10039K, capacity 10710K, committed 10712K, reserved 1048576K
}
Event: 14.668 GC heap before
{Heap before GC invocations=17 (full 3):
 PSYoungGen      total 315904K, used 310919K [0x00000000e0000000, 0x00000000fc380000, 0x0000000100000000)
  eden space 269824K, 100% used [0x00000000e0000000,0x00000000f0780000,0x00000000f0780000)
  from space 46080K, 89% used [0x00000000f0780000,0x00000000f2fa1f40,0x00000000f3480000)
  to   space 51200K, 0% used [0x00000000f9180000,0x00000000f9180000,0x00000000fc380000)
 ParOldGen       total 268288K, used 71420K [0x00000000a0000000, 0x00000000b0600000, 0x00000000e0000000)
  object space 268288K, 26% used [0x00000000a0000000,0x00000000a45bf070,0x00000000b0600000)
 Metaspace       used 75219K, capacity 79618K, committed 79704K, reserved 1118208K
  class space    used 10263K, capacity 11016K, committed 11096K, reserved 1048576K
Event: 14.716 GC heap after
Heap after GC invocations=17 (full 3):
 PSYoungGen      total 413184K, used 20396K [0x00000000e0000000, 0x00000000fc300000, 0x0000000100000000)
  eden space 362496K, 0% used [0x00000000e0000000,0x00000000e0000000,0x00000000f6200000)
  from space 50688K, 40% used [0x00000000f9180000,0x00000000fa56b010,0x00000000fc300000)
  to   space 48640K, 0% used [0x00000000f6200000,0x00000000f6200000,0x00000000f9180000)
 ParOldGen       total 268288K, used 94583K [0x00000000a0000000, 0x00000000b0600000, 0x00000000e0000000)
  object space 268288K, 35% used [0x00000000a0000000,0x00000000a5c5dd70,0x00000000b0600000)
 Metaspace       used 75219K, capacity 79618K, committed 79704K, reserved 1118208K
  class space    used 10263K, capacity 11016K, committed 11096K, reserved 1048576K
}
Event: 15.402 GC heap before
{Heap before GC invocations=18 (full 3):
 PSYoungGen      total 413184K, used 382892K [0x00000000e0000000, 0x00000000fc300000, 0x0000000100000000)
  eden space 362496K, 100% used [0x00000000e0000000,0x00000000f6200000,0x00000000f6200000)
  from space 50688K, 40% used [0x00000000f9180000,0x00000000fa56b010,0x00000000fc300000)
  to   space 48640K, 0% used [0x00000000f6200000,0x00000000f6200000,0x00000000f9180000)
 ParOldGen       total 268288K, used 94583K [0x00000000a0000000, 0x00000000b0600000, 0x00000000e0000000)
  object space 268288K, 35% used [0x00000000a0000000,0x00000000a5c5dd70,0x00000000b0600000)
 Metaspace       used 75705K, capacity 80192K, committed 80472K, reserved 1118208K
  class space    used 10327K, capacity 11065K, committed 11096K, reserved 1048576K
Event: 15.431 GC heap after
Heap after GC invocations=18 (full 3):
 PSYoungGen      total 411136K, used 14357K [0x00000000e0000000, 0x00000000fc300000, 0x0000000100000000)
  eden space 362496K, 0% used [0x00000000e0000000,0x00000000e0000000,0x00000000f6200000)
  from space 48640K, 29% used [0x00000000f6200000,0x00000000f70056d8,0x00000000f9180000)
  to   space 50688K, 0% used [0x00000000f9180000,0x00000000f9180000,0x00000000fc300000)
 ParOldGen       total 268288K, used 106046K [0x00000000a0000000, 0x00000000b0600000, 0x00000000e0000000)
  object space 268288K, 39% used [0x00000000a0000000,0x00000000a678faa0,0x00000000b0600000)
 Metaspace       used 75705K, capacity 80192K, committed 80472K, reserved 1118208K
  class space    used 10327K, capacity 11065K, committed 11096K, reserved 1048576K
}
Event: 15.924 GC heap before
{Heap before GC invocations=19 (full 3):
 PSYoungGen      total 411136K, used 376853K [0x00000000e0000000, 0x00000000fc300000, 0x0000000100000000)
  eden space 362496K, 100% used [0x00000000e0000000,0x00000000f6200000,0x00000000f6200000)
  from space 48640K, 29% used [0x00000000f6200000,0x00000000f70056d8,0x00000000f9180000)
  to   space 50688K, 0% used [0x00000000f9180000,0x00000000f9180000,0x00000000fc300000)
 ParOldGen       total 268288K, used 106046K [0x00000000a0000000, 0x00000000b0600000, 0x00000000e0000000)
  object space 268288K, 39% used [0x00000000a0000000,0x00000000a678faa0,0x00000000b0600000)
 Metaspace       used 75903K, capacity 80390K, committed 80472K, reserved 1118208K
  class space    used 10341K, capacity 11078K, committed 11096K, reserved 1048576K
Event: 15.950 GC heap after
Heap after GC invocations=19 (full 3):
 PSYoungGen      total 413184K, used 20916K [0x00000000e0000000, 0x00000000fc300000, 0x0000000100000000)
  eden space 362496K, 0% used [0x00000000e0000000,0x00000000e0000000,0x00000000f6200000)
  from space 50688K, 41% used [0x00000000f9180000,0x00000000fa5ed030,0x00000000fc300000)
  to   space 48640K, 0% used [0x00000000f6200000,0x00000000f6200000,0x00000000f9180000)
 ParOldGen       total 268288K, used 112860K [0x00000000a0000000, 0x00000000b0600000, 0x00000000e0000000)
  object space 268288K, 42% used [0x00000000a0000000,0x00000000a6e37320,0x00000000b0600000)
 Metaspace       used 75903K, capacity 80390K, committed 80472K, reserved 1118208K
  class space    used 10341K, capacity 11078K, committed 11096K, reserved 1048576K
}

